<?xml version="1.0" encoding="UTF-8"?>
<!-- Generated by org.testng.reporters.JUnitXMLReporter -->
<testsuite ignored="0" hostname="Himanshu-Workspace" failures="0" tests="4" name="Default test" time="4.439" errors="0" timestamp="2023-06-26T06:59:50 IST">
  <testcase classname="com.parabank.testcases.ParaBankRegisterUserFlow" name="validatingRegistrationPageNavigation" time="0.988"/>
  <testcase classname="com.parabank.testcases.ParaBankRegisterUserFlow" name="registerUser" time="1.598"/>
  <testcase classname="com.parabank.testcases.ParaBankRegisterUserFlow" name="validatingSuccessfullRegisterMsg" time="0.047"/>
  <testcase classname="com.parabank.testcases.ParaBankRegisterUserFlow" name="validatingLogOut" time="1.677"/>
</testsuite> <!-- Default test -->
