<?xml version="1.0" encoding="UTF-8"?>
<testsuite xmlns:xsi="http://www.w3.org/2001/XMLSchema-instance" xsi:noNamespaceSchemaLocation="https://maven.apache.org/surefire/maven-surefire-plugin/xsd/surefire-test-report.xsd" name="TestSuite" time="27.509" tests="4" errors="0" skipped="0" failures="2">
  <properties>
[...]
</properties>
  <testcase name="validatingRegistrationPageNavigation" classname="com.parabank.testcases.ParaBankRegisterUserFlow" time="1.242"/>
  <testcase name="registerUser" classname="com.parabank.testcases.ParaBankRegisterUserFlow" time="1.828"/>
  <testcase name="validatingSuccessfullRegisterMsg" classname="com.parabank.testcases.ParaBankRegisterUserFlow" time="5.126">
    <failure message="no such element: Unable to locate element: {&quot;method&quot;:&quot;xpath&quot;,&quot;selector&quot;:&quot;//p[contains(text(),&apos;Your account was created successfully&apos;)]&quot;}&#10;  (Session info: MicrosoftEdge=116.0.1938.62)&#10;For documentation on this error, please visit: https://www.seleniumhq.org/exceptions/no_such_element.html&#10;Build info: version: &apos;3.141.59&apos;, revision: &apos;e82be7d358&apos;, time: &apos;2018-11-14T08:17:03&apos;&#10;System info: host: &apos;HIMANSHU-WORKSP&apos;, ip: &apos;192.168.1.5&apos;, os.name: &apos;Windows 11&apos;, os.arch: &apos;amd64&apos;, os.version: &apos;10.0&apos;, java.version: &apos;11.0.18&apos;&#10;Driver info: org.openqa.selenium.edge.EdgeDriver&#10;Capabilities {acceptInsecureCerts: false, browserName: msedge, browserVersion: 116.0.1938.62, javascriptEnabled: true, ms:edgeOptions: {debuggerAddress: localhost:63470}, msedge: {msedgedriverVersion: 115.0.1901.183 (db29db5e66a..., userDataDir: C:\Users\HIMANS~1\AppData\L...}, networkConnectionEnabled: false, pageLoadStrategy: normal, platform: WINDOWS, platformName: WINDOWS, proxy: Proxy(), setWindowRect: true, strictFileInteractability: false, timeouts: {implicit: 0, pageLoad: 300000, script: 30000}, unhandledPromptBehavior: dismiss and notify, webauthn:extension:credBlob: true, webauthn:extension:largeBlob: true, webauthn:extension:minPinLength: true, webauthn:extension:prf: true, webauthn:virtualAuthenticators: true}&#10;Session ID: f17ba6be4910e231bf0fdc579e4663cf&#10;*** Element info: {Using=xpath, value=//p[contains(text(),&apos;Your account was created successfully&apos;)]}" type="org.openqa.selenium.NoSuchElementException">org.openqa.selenium.NoSuchElementException: 
no such element: Unable to locate element: {"method":"xpath","selector":"//p[contains(text(),'Your account was created successfully')]"}
  (Session info: MicrosoftEdge=116.0.1938.62)
For documentation on this error, please visit: https://www.seleniumhq.org/exceptions/no_such_element.html
Build info: version: '3.141.59', revision: 'e82be7d358', time: '2018-11-14T08:17:03'
System info: host: 'HIMANSHU-WORKSP', ip: '192.168.1.5', os.name: 'Windows 11', os.arch: 'amd64', os.version: '10.0', java.version: '11.0.18'
Driver info: org.openqa.selenium.edge.EdgeDriver
Capabilities {acceptInsecureCerts: false, browserName: msedge, browserVersion: 116.0.1938.62, javascriptEnabled: true, ms:edgeOptions: {debuggerAddress: localhost:63470}, msedge: {msedgedriverVersion: 115.0.1901.183 (db29db5e66a..., userDataDir: C:\Users\HIMANS~1\AppData\L...}, networkConnectionEnabled: false, pageLoadStrategy: normal, platform: WINDOWS, platformName: WINDOWS, proxy: Proxy(), setWindowRect: true, strictFileInteractability: false, timeouts: {implicit: 0, pageLoad: 300000, script: 30000}, unhandledPromptBehavior: dismiss and notify, webauthn:extension:credBlob: true, webauthn:extension:largeBlob: true, webauthn:extension:minPinLength: true, webauthn:extension:prf: true, webauthn:virtualAuthenticators: true}
Session ID: f17ba6be4910e231bf0fdc579e4663cf
*** Element info: {Using=xpath, value=//p[contains(text(),'Your account was created successfully')]}
	at com.parabank.testcases.ParaBankRegisterUserFlow.validatingSuccessfullRegisterMsg(ParaBankRegisterUserFlow.java:39)
</failure>
  </testcase>
  <testcase name="validatingLogOut" classname="com.parabank.testcases.ParaBankRegisterUserFlow" time="5.071">
    <failure message="no such element: Unable to locate element: {&quot;method&quot;:&quot;xpath&quot;,&quot;selector&quot;:&quot;//a[normalize-space()=&apos;Log Out&apos;]&quot;}&#10;  (Session info: MicrosoftEdge=116.0.1938.62)&#10;For documentation on this error, please visit: https://www.seleniumhq.org/exceptions/no_such_element.html&#10;Build info: version: &apos;3.141.59&apos;, revision: &apos;e82be7d358&apos;, time: &apos;2018-11-14T08:17:03&apos;&#10;System info: host: &apos;HIMANSHU-WORKSP&apos;, ip: &apos;192.168.1.5&apos;, os.name: &apos;Windows 11&apos;, os.arch: &apos;amd64&apos;, os.version: &apos;10.0&apos;, java.version: &apos;11.0.18&apos;&#10;Driver info: org.openqa.selenium.edge.EdgeDriver&#10;Capabilities {acceptInsecureCerts: false, browserName: msedge, browserVersion: 116.0.1938.62, javascriptEnabled: true, ms:edgeOptions: {debuggerAddress: localhost:63470}, msedge: {msedgedriverVersion: 115.0.1901.183 (db29db5e66a..., userDataDir: C:\Users\HIMANS~1\AppData\L...}, networkConnectionEnabled: false, pageLoadStrategy: normal, platform: WINDOWS, platformName: WINDOWS, proxy: Proxy(), setWindowRect: true, strictFileInteractability: false, timeouts: {implicit: 0, pageLoad: 300000, script: 30000}, unhandledPromptBehavior: dismiss and notify, webauthn:extension:credBlob: true, webauthn:extension:largeBlob: true, webauthn:extension:minPinLength: true, webauthn:extension:prf: true, webauthn:virtualAuthenticators: true}&#10;Session ID: f17ba6be4910e231bf0fdc579e4663cf&#10;*** Element info: {Using=xpath, value=//a[normalize-space()=&apos;Log Out&apos;]}" type="org.openqa.selenium.NoSuchElementException">org.openqa.selenium.NoSuchElementException: 
no such element: Unable to locate element: {"method":"xpath","selector":"//a[normalize-space()='Log Out']"}
  (Session info: MicrosoftEdge=116.0.1938.62)
For documentation on this error, please visit: https://www.seleniumhq.org/exceptions/no_such_element.html
Build info: version: '3.141.59', revision: 'e82be7d358', time: '2018-11-14T08:17:03'
System info: host: 'HIMANSHU-WORKSP', ip: '192.168.1.5', os.name: 'Windows 11', os.arch: 'amd64', os.version: '10.0', java.version: '11.0.18'
Driver info: org.openqa.selenium.edge.EdgeDriver
Capabilities {acceptInsecureCerts: false, browserName: msedge, browserVersion: 116.0.1938.62, javascriptEnabled: true, ms:edgeOptions: {debuggerAddress: localhost:63470}, msedge: {msedgedriverVersion: 115.0.1901.183 (db29db5e66a..., userDataDir: C:\Users\HIMANS~1\AppData\L...}, networkConnectionEnabled: false, pageLoadStrategy: normal, platform: WINDOWS, platformName: WINDOWS, proxy: Proxy(), setWindowRect: true, strictFileInteractability: false, timeouts: {implicit: 0, pageLoad: 300000, script: 30000}, unhandledPromptBehavior: dismiss and notify, webauthn:extension:credBlob: true, webauthn:extension:largeBlob: true, webauthn:extension:minPinLength: true, webauthn:extension:prf: true, webauthn:virtualAuthenticators: true}
Session ID: f17ba6be4910e231bf0fdc579e4663cf
*** Element info: {Using=xpath, value=//a[normalize-space()='Log Out']}
	at com.parabank.testcases.ParaBankRegisterUserFlow.validatingLogOut(ParaBankRegisterUserFlow.java:45)
</failure>
  </testcase>
</testsuite>