<?xml version="1.0" encoding="UTF-8"?>
<!-- Generated by org.testng.reporters.JUnitXMLReporter -->
<testsuite ignored="2" hostname="Himanshu-Workspace" failures="0" tests="4" name="ParaBankRegisterUserEndToEndFlow" time="7.977" errors="0" timestamp="2023-06-25T06:20:44 IST">
  <testcase classname="com.parabank.testcases.ParaBankRegisterUserFlow" name="validatingRegisterCustomerPageNavigation" time="3.91"/>
  <testcase classname="com.parabank.testcases.ParaBankRegisterUserFlow" name="registerUser" time="2.705"/>
  <testcase classname="com.parabank.testcases.ParaBankRegisterUserFlow" name="ValidatingSuccessfullRegisterMsg" time="0.051"/>
  <testcase classname="com.parabank.testcases.ParaBankRegisterUserFlow" name="ValidatingLogOut" time="0.864"/>
  <testcase classname="com.parabank.driverscript.TestBase" name="@AfterSuite tearDown" time="0.0">
    <ignored/>
  </testcase> <!-- @AfterSuite tearDown -->
  <testcase classname="com.parabank.driverscript.TestBase" name="@BeforeSuite setup" time="0.0">
    <ignored/>
  </testcase> <!-- @BeforeSuite setup -->
</testsuite> <!-- ParaBankRegisterUserEndToEndFlow -->
