<?xml version="1.0" encoding="UTF-8"?>
<!-- Generated by org.testng.reporters.JUnitXMLReporter -->
<testsuite ignored="2" hostname="Himanshu-Workspace" failures="0" tests="4" name="ParaBankRegistationTest" time="8.189" errors="0" timestamp="2023-08-27T17:33:27 IST">
  <testcase classname="com.parabank.testcases.ParaBankRegisterUserFlow" name="validatingRegistrationPageNavigation" time="2.952"/>
  <testcase classname="com.parabank.testcases.ParaBankRegisterUserFlow" name="registerUser" time="3.071"/>
  <testcase classname="com.parabank.testcases.ParaBankRegisterUserFlow" name="validatingSuccessfullRegisterMsg" time="0.111"/>
  <testcase classname="com.parabank.testcases.ParaBankRegisterUserFlow" name="validatingLogOut" time="1.932"/>
  <testcase classname="com.parabank.driverscript.TestBase" name="@AfterSuite tearDown" time="0.0">
    <ignored/>
  </testcase> <!-- @AfterSuite tearDown -->
  <testcase classname="com.parabank.driverscript.TestBase" name="@BeforeSuite setup" time="0.0">
    <ignored/>
  </testcase> <!-- @BeforeSuite setup -->
</testsuite> <!-- ParaBankRegistationTest -->
