<?xml version="1.0" encoding="UTF-8"?>
<testng-results ignored="2" total="6" passed="4" failed="0" skipped="0">
  <reporter-output>
    <line>
      <![CDATA[Configuration File is loaded successfully]]>
    </line>
    <line>
      <![CDATA[Successfully Navigated to Sign Up Page]]>
    </line>
    <line>
      <![CDATA[First Name entered is : Himanshu]]>
    </line>
    <line>
      <![CDATA[Last Name entered is : Pathak]]>
    </line>
    <line>
      <![CDATA[Address entered is : 17/238 Z-16]]>
    </line>
    <line>
      <![CDATA[City entered is : Gr. Noida]]>
    </line>
    <line>
      <![CDATA[State entered is : Uttar Pradesh]]>
    </line>
    <line>
      <![CDATA[Zip Code entered is : 201310]]>
    </line>
    <line>
      <![CDATA[phone Number entered is : 9897032120]]>
    </line>
    <line>
      <![CDATA[SSN Number entered is : 296013]]>
    </line>
    <line>
      <![CDATA[Username entered is : Himanshu_@270998]]>
    </line>
    <line>
      <![CDATA[Password entered is : QWERTY]]>
    </line>
    <line>
      <![CDATA[Confirmation password entered is : QWERTY]]>
    </line>
    <line>
      <![CDATA[Submit Button is clicked successfully]]>
    </line>
    <line>
      <![CDATA[Actual and Expected Successful Message Text are same]]>
    </line>
    <line>
      <![CDATA[The Successful Message Text is: Your account was created successfully]]>
    </line>
    <line>
      <![CDATA[User Successfully Logged Out of ParaBank Application]]>
    </line>
    <line>
      <![CDATA[Application is Closed Successfully]]>
    </line>
  </reporter-output>
  <suite started-at="2023-08-27T17:33:19 IST" name="AutomationSuite" finished-at="2023-08-27T17:33:27 IST" duration-ms="8189">
    <groups>
    </groups>
    <test started-at="2023-08-27T17:33:19 IST" name="ParaBankRegistationTest" finished-at="2023-08-27T17:33:27 IST" duration-ms="8189">
      <class name="com.parabank.testcases.ParaBankRegisterUserFlow">
        <test-method signature="validatingRegistrationPageNavigation()[pri:1, instance:com.parabank.testcases.ParaBankRegisterUserFlow@49049a04]" started-at="2023-08-27T17:33:19 IST" name="validatingRegistrationPageNavigation" finished-at="2023-08-27T17:33:22 IST" duration-ms="2952" status="PASS">
          <reporter-output>
            <line>
              <![CDATA[Successfully Navigated to Sign Up Page]]>
            </line>
          </reporter-output>
        </test-method> <!-- validatingRegistrationPageNavigation -->
        <test-method signature="registerUser()[pri:2, instance:com.parabank.testcases.ParaBankRegisterUserFlow@49049a04]" started-at="2023-08-27T17:33:22 IST" name="registerUser" finished-at="2023-08-27T17:33:25 IST" duration-ms="3071" status="PASS">
          <reporter-output>
            <line>
              <![CDATA[First Name entered is : Himanshu]]>
            </line>
            <line>
              <![CDATA[Last Name entered is : Pathak]]>
            </line>
            <line>
              <![CDATA[Address entered is : 17/238 Z-16]]>
            </line>
            <line>
              <![CDATA[City entered is : Gr. Noida]]>
            </line>
            <line>
              <![CDATA[State entered is : Uttar Pradesh]]>
            </line>
            <line>
              <![CDATA[Zip Code entered is : 201310]]>
            </line>
            <line>
              <![CDATA[phone Number entered is : 9897032120]]>
            </line>
            <line>
              <![CDATA[SSN Number entered is : 296013]]>
            </line>
            <line>
              <![CDATA[Username entered is : Himanshu_@270998]]>
            </line>
            <line>
              <![CDATA[Password entered is : QWERTY]]>
            </line>
            <line>
              <![CDATA[Confirmation password entered is : QWERTY]]>
            </line>
            <line>
              <![CDATA[Submit Button is clicked successfully]]>
            </line>
          </reporter-output>
        </test-method> <!-- registerUser -->
        <test-method signature="validatingSuccessfullRegisterMsg()[pri:3, instance:com.parabank.testcases.ParaBankRegisterUserFlow@49049a04]" started-at="2023-08-27T17:33:25 IST" name="validatingSuccessfullRegisterMsg" finished-at="2023-08-27T17:33:25 IST" duration-ms="111" status="PASS">
          <reporter-output>
            <line>
              <![CDATA[Actual and Expected Successful Message Text are same]]>
            </line>
            <line>
              <![CDATA[The Successful Message Text is: Your account was created successfully]]>
            </line>
          </reporter-output>
        </test-method> <!-- validatingSuccessfullRegisterMsg -->
        <test-method signature="validatingLogOut()[pri:4, instance:com.parabank.testcases.ParaBankRegisterUserFlow@49049a04]" started-at="2023-08-27T17:33:25 IST" name="validatingLogOut" finished-at="2023-08-27T17:33:27 IST" duration-ms="1932" status="PASS">
          <reporter-output>
            <line>
              <![CDATA[User Successfully Logged Out of ParaBank Application]]>
            </line>
          </reporter-output>
        </test-method> <!-- validatingLogOut -->
      </class> <!-- com.parabank.testcases.ParaBankRegisterUserFlow -->
      <class name="com.parabank.driverscript.TestBase">
        <test-method is-config="true" signature="setup()[pri:0, instance:com.parabank.driverscript.TestBase@ffaa6af]" started-at="2023-08-27T17:33:05 IST" name="setup" finished-at="2023-08-27T17:33:19 IST" duration-ms="13719" status="PASS">
          <reporter-output>
            <line>
              <![CDATA[Configuration File is loaded successfully]]>
            </line>
          </reporter-output>
        </test-method> <!-- setup -->
        <test-method is-config="true" signature="tearDown()[pri:0, instance:com.parabank.driverscript.TestBase@ffaa6af]" started-at="2023-08-27T17:33:27 IST" name="tearDown" finished-at="2023-08-27T17:33:27 IST" duration-ms="502" status="PASS">
          <reporter-output>
            <line>
              <![CDATA[Application is Closed Successfully]]>
            </line>
          </reporter-output>
        </test-method> <!-- tearDown -->
      </class> <!-- com.parabank.driverscript.TestBase -->
    </test> <!-- ParaBankRegistationTest -->
  </suite> <!-- AutomationSuite -->
</testng-results>
